<?xml version="1.0" encoding="UTF-8" ?>
<testsuite tests="5" failures="0" name="com.GalaxyBackend.test.SupplierDaoTest" time="0.468" errors="0" skipped="4">
  <properties>
[...]
</properties>
  <testcase classname="com.GalaxyBackend.test.SupplierDaoTest" name="testUpdateSupplier" time="0.109">
    <skipped/>
    <system-out>Hibernate: 
    
    drop table Category if exists
Hibernate: 
    
    drop table Product if exists
Hibernate: 
    
    drop table Supplier if exists
Hibernate: 
    
    drop table User if exists
Hibernate: 
    
    drop sequence if exists hibernate_sequence
Hibernate: create sequence hibernate_sequence start with 1 increment by 1
Hibernate: 
    
    create table Category (
       categoryId integer not null,
        categoryDesc varchar(255),
        categoryName varchar(255),
        primary key (categoryId)
    )
Hibernate: 
    
    create table Product (
       productId integer not null,
        categoryId integer not null,
        colour varchar(255),
        productDescription varchar(255),
        productName varchar(255),
        productPrice double not null,
        size integer not null,
        stock integer not null,
        supplierId integer not null,
        primary key (productId)
    )
Hibernate: 
    
    create table Supplier (
       supplier_Id integer not null,
        aadhar_No varchar(255),
        email varchar(255),
        gstin_No varchar(255),
        mobile varchar(255),
        pan_No varchar(255),
        quantity integer not null,
        supplier_Company_Name varchar(255),
        supplier_Name varchar(255),
        primary key (supplier_Id)
    )
Hibernate: 
    
    create table User (
       userId integer not null,
        userEmail varchar(255),
        userName varchar(255),
        userPassword varchar(255),
        userPhoneNumber varchar(255),
        primary key (userId)
    )
</system-out>
    <system-err>Jul 14, 2018 10:30:41 PM org.springframework.context.support.AbstractApplicationContext prepareRefresh
INFO: Refreshing org.springframework.context.annotation.AnnotationConfigApplicationContext@64e1dd11: startup date [Sat Jul 14 22:30:41 IST 2018]; root of context hierarchy
Jul 14, 2018 10:30:41 PM org.springframework.jdbc.datasource.DriverManagerDataSource setDriverClassName
INFO: Loaded JDBC driver: org.h2.Driver
Jul 14, 2018 10:30:41 PM org.hibernate.dialect.Dialect &lt;init&gt;
INFO: HHH000400: Using dialect: org.hibernate.dialect.H2Dialect
Jul 14, 2018 10:30:41 PM org.hibernate.tool.schema.internal.SchemaCreatorImpl applyImportSources
INFO: HHH000476: Executing import script &apos;org.hibernate.tool.schema.internal.exec.ScriptSourceInputNonExistentImpl@49bd54f7&apos;
Jul 14, 2018 10:30:41 PM org.springframework.orm.hibernate5.HibernateTransactionManager afterPropertiesSet
INFO: Using DataSource [org.springframework.jdbc.datasource.DriverManagerDataSource@2e3a5237] of Hibernate SessionFactory for HibernateTransactionManager
</system-err>
  </testcase>
  <testcase classname="com.GalaxyBackend.test.SupplierDaoTest" name="testGetSupplierById" time="0.109">
    <skipped/>
  </testcase>
  <testcase classname="com.GalaxyBackend.test.SupplierDaoTest" name="testDeleteSupplier" time="0.109">
    <skipped/>
  </testcase>
  <testcase classname="com.GalaxyBackend.test.SupplierDaoTest" name="testListSupplier" time="0.111">
    <skipped/>
  </testcase>
  <testcase classname="com.GalaxyBackend.test.SupplierDaoTest" name="testAddSupplier" time="0.03"/>
</testsuite>